<?xml version="1.0" encoding="UTF-8"?>
<!-- Generated by org.testng.reporters.JUnitReportReporter -->
<testsuite hostname="TANMOY_DATTA" failures="0" tests="1" name="testrunners.CucuberTestRunner" time="161.367" errors="0" timestamp="2023-03-03T19:05:18 BDT" skipped="0">
  <testcase classname="testrunners.CucuberTestRunner" name="runScenario" time="161.367"/>
  <system-out/>
</testsuite> <!-- testrunners.CucuberTestRunner -->
